mode: set
github.com/mdeckert/sourdough/internal/server/handlers.go:23.57,28.2 1 1
github.com/mdeckert/sourdough/internal/server/handlers.go:31.32,50.2 13 0
github.com/mdeckert/sourdough/internal/server/handlers.go:53.68,54.71 1 0
github.com/mdeckert/sourdough/internal/server/handlers.go:54.71,57.3 2 0
github.com/mdeckert/sourdough/internal/server/handlers.go:61.71,62.32 1 1
github.com/mdeckert/sourdough/internal/server/handlers.go:62.32,65.3 2 1
github.com/mdeckert/sourdough/internal/server/handlers.go:67.2,70.4 2 1
github.com/mdeckert/sourdough/internal/server/handlers.go:74.74,75.63 1 1
github.com/mdeckert/sourdough/internal/server/handlers.go:75.63,78.3 2 1
github.com/mdeckert/sourdough/internal/server/handlers.go:81.2,82.16 2 1
github.com/mdeckert/sourdough/internal/server/handlers.go:82.16,85.3 2 0
github.com/mdeckert/sourdough/internal/server/handlers.go:87.2,87.13 1 1
github.com/mdeckert/sourdough/internal/server/handlers.go:87.13,89.33 1 1
github.com/mdeckert/sourdough/internal/server/handlers.go:89.33,93.4 3 0
github.com/mdeckert/sourdough/internal/server/handlers.go:94.3,95.9 2 1
github.com/mdeckert/sourdough/internal/server/handlers.go:99.2,102.57 2 1
github.com/mdeckert/sourdough/internal/server/handlers.go:102.57,103.63 1 0
github.com/mdeckert/sourdough/internal/server/handlers.go:103.63,105.4 1 0
github.com/mdeckert/sourdough/internal/server/handlers.go:108.2,108.53 1 1
github.com/mdeckert/sourdough/internal/server/handlers.go:108.53,111.3 2 0
github.com/mdeckert/sourdough/internal/server/handlers.go:114.2,114.32 1 1
github.com/mdeckert/sourdough/internal/server/handlers.go:114.32,118.3 3 0
github.com/mdeckert/sourdough/internal/server/handlers.go:120.2,123.4 2 1
github.com/mdeckert/sourdough/internal/server/handlers.go:128.68,129.63 1 1
github.com/mdeckert/sourdough/internal/server/handlers.go:129.63,132.3 2 0
github.com/mdeckert/sourdough/internal/server/handlers.go:135.2,138.39 3 1
github.com/mdeckert/sourdough/internal/server/handlers.go:138.39,141.3 2 0
github.com/mdeckert/sourdough/internal/server/handlers.go:143.2,146.24 2 1
github.com/mdeckert/sourdough/internal/server/handlers.go:146.24,147.34 1 1
github.com/mdeckert/sourdough/internal/server/handlers.go:147.34,150.4 2 0
github.com/mdeckert/sourdough/internal/server/handlers.go:152.3,156.67 2 1
github.com/mdeckert/sourdough/internal/server/handlers.go:156.67,159.4 2 1
github.com/mdeckert/sourdough/internal/server/handlers.go:161.3,161.26 1 1
github.com/mdeckert/sourdough/internal/server/handlers.go:161.26,164.4 2 1
github.com/mdeckert/sourdough/internal/server/handlers.go:166.3,167.32 2 1
github.com/mdeckert/sourdough/internal/server/handlers.go:168.8,168.31 1 1
github.com/mdeckert/sourdough/internal/server/handlers.go:168.31,170.21 1 1
github.com/mdeckert/sourdough/internal/server/handlers.go:170.21,173.4 2 0
github.com/mdeckert/sourdough/internal/server/handlers.go:175.3,176.17 2 1
github.com/mdeckert/sourdough/internal/server/handlers.go:176.17,179.4 2 1
github.com/mdeckert/sourdough/internal/server/handlers.go:181.3,184.43 2 1
github.com/mdeckert/sourdough/internal/server/handlers.go:184.43,186.4 1 1
github.com/mdeckert/sourdough/internal/server/handlers.go:186.9,188.4 1 1
github.com/mdeckert/sourdough/internal/server/handlers.go:189.8,207.30 3 1
github.com/mdeckert/sourdough/internal/server/handlers.go:207.30,210.4 2 0
github.com/mdeckert/sourdough/internal/server/handlers.go:212.3,215.75 2 1
github.com/mdeckert/sourdough/internal/server/handlers.go:215.75,219.67 2 1
github.com/mdeckert/sourdough/internal/server/handlers.go:219.67,220.26 1 1
github.com/mdeckert/sourdough/internal/server/handlers.go:220.26,222.6 1 1
github.com/mdeckert/sourdough/internal/server/handlers.go:223.5,223.50 1 1
github.com/mdeckert/sourdough/internal/server/handlers.go:228.3,228.36 1 1
github.com/mdeckert/sourdough/internal/server/handlers.go:228.36,232.93 3 1
github.com/mdeckert/sourdough/internal/server/handlers.go:232.93,234.5 1 1
github.com/mdeckert/sourdough/internal/server/handlers.go:235.4,235.34 1 1
github.com/mdeckert/sourdough/internal/server/handlers.go:239.3,239.58 1 1
github.com/mdeckert/sourdough/internal/server/handlers.go:239.58,240.64 1 0
github.com/mdeckert/sourdough/internal/server/handlers.go:240.64,242.5 1 0
github.com/mdeckert/sourdough/internal/server/handlers.go:245.3,245.74 1 1
github.com/mdeckert/sourdough/internal/server/handlers.go:245.74,246.69 1 0
github.com/mdeckert/sourdough/internal/server/handlers.go:246.69,248.5 1 0
github.com/mdeckert/sourdough/internal/server/handlers.go:252.3,252.52 1 1
github.com/mdeckert/sourdough/internal/server/handlers.go:252.52,254.4 1 0
github.com/mdeckert/sourdough/internal/server/handlers.go:258.2,258.53 1 1
github.com/mdeckert/sourdough/internal/server/handlers.go:258.53,261.3 2 0
github.com/mdeckert/sourdough/internal/server/handlers.go:264.2,264.32 1 1
github.com/mdeckert/sourdough/internal/server/handlers.go:264.32,270.3 5 0
github.com/mdeckert/sourdough/internal/server/handlers.go:272.2,276.4 2 1
github.com/mdeckert/sourdough/internal/server/handlers.go:280.71,281.32 1 1
github.com/mdeckert/sourdough/internal/server/handlers.go:281.32,284.3 2 1
github.com/mdeckert/sourdough/internal/server/handlers.go:286.2,287.16 2 1
github.com/mdeckert/sourdough/internal/server/handlers.go:287.16,290.3 2 0
github.com/mdeckert/sourdough/internal/server/handlers.go:292.2,293.33 2 1
github.com/mdeckert/sourdough/internal/server/handlers.go:297.73,300.2 2 1
github.com/mdeckert/sourdough/internal/server/handlers.go:303.74,306.2 2 1
github.com/mdeckert/sourdough/internal/server/handlers.go:309.77,312.2 2 1
github.com/mdeckert/sourdough/internal/server/handlers.go:315.74,319.52 2 1
github.com/mdeckert/sourdough/internal/server/handlers.go:319.52,322.3 2 0
github.com/mdeckert/sourdough/internal/server/handlers.go:325.2,326.16 2 1
github.com/mdeckert/sourdough/internal/server/handlers.go:326.16,329.3 2 0
github.com/mdeckert/sourdough/internal/server/handlers.go:332.2,334.18 3 1
github.com/mdeckert/sourdough/internal/storage/jsonl.go:24.44,26.51 1 1
github.com/mdeckert/sourdough/internal/storage/jsonl.go:26.51,28.3 1 0
github.com/mdeckert/sourdough/internal/storage/jsonl.go:30.2,32.8 1 1
github.com/mdeckert/sourdough/internal/storage/jsonl.go:37.47,40.16 2 1
github.com/mdeckert/sourdough/internal/storage/jsonl.go:40.16,44.3 2 0
github.com/mdeckert/sourdough/internal/storage/jsonl.go:47.2,52.29 2 1
github.com/mdeckert/sourdough/internal/storage/jsonl.go:52.29,53.108 1 1
github.com/mdeckert/sourdough/internal/storage/jsonl.go:53.108,54.12 1 0
github.com/mdeckert/sourdough/internal/storage/jsonl.go:56.3,57.17 2 1
github.com/mdeckert/sourdough/internal/storage/jsonl.go:57.17,58.12 1 0
github.com/mdeckert/sourdough/internal/storage/jsonl.go:60.3,63.34 1 1
github.com/mdeckert/sourdough/internal/storage/jsonl.go:66.2,66.44 1 1
github.com/mdeckert/sourdough/internal/storage/jsonl.go:66.44,68.3 1 0
github.com/mdeckert/sourdough/internal/storage/jsonl.go:71.2,71.31 1 1
github.com/mdeckert/sourdough/internal/storage/jsonl.go:71.31,73.31 2 1
github.com/mdeckert/sourdough/internal/storage/jsonl.go:73.31,75.4 1 1
github.com/mdeckert/sourdough/internal/storage/jsonl.go:79.2,80.69 2 1
github.com/mdeckert/sourdough/internal/storage/jsonl.go:84.53,86.16 2 1
github.com/mdeckert/sourdough/internal/storage/jsonl.go:86.16,88.3 1 0
github.com/mdeckert/sourdough/internal/storage/jsonl.go:89.2,92.21 3 1
github.com/mdeckert/sourdough/internal/storage/jsonl.go:92.21,94.65 2 1
github.com/mdeckert/sourdough/internal/storage/jsonl.go:94.65,95.12 1 0
github.com/mdeckert/sourdough/internal/storage/jsonl.go:97.3,97.46 1 1
github.com/mdeckert/sourdough/internal/storage/jsonl.go:97.46,99.4 1 1
github.com/mdeckert/sourdough/internal/storage/jsonl.go:101.2,101.14 1 1
github.com/mdeckert/sourdough/internal/storage/jsonl.go:105.51,107.2 1 0
github.com/mdeckert/sourdough/internal/storage/jsonl.go:110.58,118.16 5 1
github.com/mdeckert/sourdough/internal/storage/jsonl.go:118.16,120.3 1 0
github.com/mdeckert/sourdough/internal/storage/jsonl.go:121.2,125.46 3 1
github.com/mdeckert/sourdough/internal/storage/jsonl.go:125.46,127.3 1 0
github.com/mdeckert/sourdough/internal/storage/jsonl.go:129.2,129.12 1 1
github.com/mdeckert/sourdough/internal/storage/jsonl.go:133.59,140.53 4 1
github.com/mdeckert/sourdough/internal/storage/jsonl.go:140.53,145.3 1 1
github.com/mdeckert/sourdough/internal/storage/jsonl.go:147.2,148.16 2 1
github.com/mdeckert/sourdough/internal/storage/jsonl.go:148.16,150.3 1 0
github.com/mdeckert/sourdough/internal/storage/jsonl.go:151.2,156.21 4 1
github.com/mdeckert/sourdough/internal/storage/jsonl.go:156.21,158.65 2 1
github.com/mdeckert/sourdough/internal/storage/jsonl.go:158.65,159.12 1 0
github.com/mdeckert/sourdough/internal/storage/jsonl.go:161.3,161.33 1 1
github.com/mdeckert/sourdough/internal/storage/jsonl.go:164.2,164.38 1 1
github.com/mdeckert/sourdough/internal/storage/jsonl.go:164.38,166.3 1 0
github.com/mdeckert/sourdough/internal/storage/jsonl.go:169.2,170.21 2 1
github.com/mdeckert/sourdough/internal/storage/jsonl.go:170.21,172.3 1 1
github.com/mdeckert/sourdough/internal/storage/jsonl.go:174.2,180.21 2 1
github.com/mdeckert/sourdough/internal/storage/jsonl.go:180.21,182.75 2 1
github.com/mdeckert/sourdough/internal/storage/jsonl.go:182.75,183.62 1 1
github.com/mdeckert/sourdough/internal/storage/jsonl.go:183.62,186.59 3 1
github.com/mdeckert/sourdough/internal/storage/jsonl.go:186.59,188.6 1 1
github.com/mdeckert/sourdough/internal/storage/jsonl.go:193.2,193.18 1 1
github.com/mdeckert/sourdough/internal/storage/jsonl.go:197.63,204.53 4 0
github.com/mdeckert/sourdough/internal/storage/jsonl.go:204.53,209.3 1 0
github.com/mdeckert/sourdough/internal/storage/jsonl.go:211.2,212.16 2 0
github.com/mdeckert/sourdough/internal/storage/jsonl.go:212.16,214.3 1 0
github.com/mdeckert/sourdough/internal/storage/jsonl.go:215.2,220.21 4 0
github.com/mdeckert/sourdough/internal/storage/jsonl.go:220.21,222.65 2 0
github.com/mdeckert/sourdough/internal/storage/jsonl.go:222.65,224.12 1 0
github.com/mdeckert/sourdough/internal/storage/jsonl.go:226.3,226.33 1 0
github.com/mdeckert/sourdough/internal/storage/jsonl.go:229.2,229.38 1 0
github.com/mdeckert/sourdough/internal/storage/jsonl.go:229.38,231.3 1 0
github.com/mdeckert/sourdough/internal/storage/jsonl.go:233.2,239.21 2 0
github.com/mdeckert/sourdough/internal/storage/jsonl.go:239.21,241.75 2 0
github.com/mdeckert/sourdough/internal/storage/jsonl.go:241.75,243.62 1 0
github.com/mdeckert/sourdough/internal/storage/jsonl.go:243.62,246.59 3 0
github.com/mdeckert/sourdough/internal/storage/jsonl.go:246.59,248.6 1 0
github.com/mdeckert/sourdough/internal/storage/jsonl.go:253.2,253.18 1 0
github.com/mdeckert/sourdough/internal/storage/jsonl.go:257.49,262.16 4 1
github.com/mdeckert/sourdough/internal/storage/jsonl.go:262.16,264.3 1 0
github.com/mdeckert/sourdough/internal/storage/jsonl.go:266.2,267.29 2 1
github.com/mdeckert/sourdough/internal/storage/jsonl.go:267.29,268.19 1 1
github.com/mdeckert/sourdough/internal/storage/jsonl.go:268.19,269.12 1 0
github.com/mdeckert/sourdough/internal/storage/jsonl.go:272.3,273.76 2 1
github.com/mdeckert/sourdough/internal/storage/jsonl.go:273.76,277.4 2 1
github.com/mdeckert/sourdough/internal/storage/jsonl.go:281.2,281.40 1 1
github.com/mdeckert/sourdough/internal/storage/jsonl.go:281.40,283.3 1 1
github.com/mdeckert/sourdough/internal/storage/jsonl.go:285.2,285.19 1 1
github.com/mdeckert/sourdough/internal/storage/jsonl.go:289.50,293.53 2 1
github.com/mdeckert/sourdough/internal/storage/jsonl.go:293.53,295.3 1 1
github.com/mdeckert/sourdough/internal/storage/jsonl.go:298.2,299.16 2 1
github.com/mdeckert/sourdough/internal/storage/jsonl.go:299.16,301.3 1 0
github.com/mdeckert/sourdough/internal/storage/jsonl.go:303.2,303.27 1 1
github.com/mdeckert/sourdough/internal/storage/jsonl.go:303.27,305.3 1 0
github.com/mdeckert/sourdough/internal/storage/jsonl.go:308.2,308.36 1 1
github.com/mdeckert/sourdough/internal/storage/jsonl.go:308.36,309.46 1 1
github.com/mdeckert/sourdough/internal/storage/jsonl.go:309.46,311.4 1 1
github.com/mdeckert/sourdough/internal/storage/jsonl.go:314.2,314.18 1 1
github.com/mdeckert/sourdough/internal/storage/jsonl.go:318.57,320.16 2 1
github.com/mdeckert/sourdough/internal/storage/jsonl.go:320.16,322.3 1 0
github.com/mdeckert/sourdough/internal/storage/jsonl.go:324.2,324.27 1 1
github.com/mdeckert/sourdough/internal/storage/jsonl.go:324.27,326.3 1 1
github.com/mdeckert/sourdough/internal/storage/jsonl.go:328.2,328.46 1 1
